<?xml version="1.0" encoding="UTF-8"?>
<!-- Generated by org.testng.reporters.JUnitXMLReporter -->
<testsuite ignored="0" hostname="LAPTOP-G86AH33L" failures="2" tests="2" name="Test" time="1.09" errors="0" timestamp="2026-03-09T17:32:14 IST">
  <testcase classname="Docker.Chrome_Test1" name="Docker_with_Chrome" time="1.021">
    <failure type="org.openqa.selenium.SessionNotCreatedException" message="Could not start a new session. Unable to parse remote response: Unable to find resource, invalid path in url. 
Host info: host: &amp;apos;LAPTOP-G86AH33L&amp;apos;, ip: &amp;apos;10.221.135.113&amp;apos;">
      <![CDATA[org.openqa.selenium.SessionNotCreatedException: Could not start a new session. Unable to parse remote response: Unable to find resource, invalid path in url. 
Host info: host: 'LAPTOP-G86AH33L', ip: '10.221.135.113'
at org.openqa.selenium.remote.ProtocolHandshake.createSession(ProtocolHandshake.java:100)
at org.openqa.selenium.remote.ProtocolHandshake.createSession(ProtocolHandshake.java:75)
at org.openqa.selenium.remote.ProtocolHandshake.createSession(ProtocolHandshake.java:61)
at org.openqa.selenium.remote.HttpCommandExecutor.execute(HttpCommandExecutor.java:195)
at org.openqa.selenium.remote.TracedCommandExecutor.execute(TracedCommandExecutor.java:53)
at org.openqa.selenium.remote.RemoteWebDriver.execute(RemoteWebDriver.java:604)
at org.openqa.selenium.remote.RemoteWebDriver.startSession(RemoteWebDriver.java:288)
at org.openqa.selenium.remote.RemoteWebDriver.<init>(RemoteWebDriver.java:211)
at org.openqa.selenium.remote.RemoteWebDriver.<init>(RemoteWebDriver.java:171)
at org.openqa.selenium.remote.RemoteWebDriver.<init>(RemoteWebDriver.java:167)
at Docker.Chrome_Test1.Docker_with_Chrome(Chrome_Test1.java:33)
at java.base/java.util.concurrent.ThreadPoolExecutor.runWorker(ThreadPoolExecutor.java:1144)
at java.base/java.util.concurrent.ThreadPoolExecutor$Worker.run(ThreadPoolExecutor.java:642)
at java.base/java.lang.Thread.run(Thread.java:1583)
Caused by: org.openqa.selenium.json.JsonException: Unable to parse: Unable to find resource, invalid path in url.
at org.openqa.selenium.json.Json.toType(Json.java:170)
at org.openqa.selenium.json.Json.toType(Json.java:153)
at org.openqa.selenium.remote.ProtocolHandshake.createSession(ProtocolHandshake.java:96)
... 23 more
Caused by: org.openqa.selenium.json.JsonException: Unable to determine type from: U. Last 1 characters read: U, next 44 characters to read: nable to find resource, invalid path in url.
Build info: version: '4.41.0', revision: '9fc754f'
System info: os.name: 'Windows 11', os.arch: 'amd64', os.version: '10.0', java.version: '21.0.9'
Driver info: driver.version: RemoteWebDriver
at org.openqa.selenium.json.JsonInput.peek(JsonInput.java:169)
at org.openqa.selenium.json.JsonTypeCoercer.coerce(JsonTypeCoercer.java:135)
at org.openqa.selenium.json.Json.toType(Json.java:205)
at org.openqa.selenium.json.Json.toType(Json.java:168)
... 25 more
... Removed 10 stack frames]]>
    </failure>
  </testcase> <!-- Docker_with_Chrome -->
  <testcase classname="Docker.Docker_with_Test4" name="Docker_with_firefox" time="1.021">
    <failure type="org.openqa.selenium.SessionNotCreatedException" message="Could not start a new session. Unable to parse remote response: Unable to find resource, invalid path in url. 
Host info: host: &amp;apos;LAPTOP-G86AH33L&amp;apos;, ip: &amp;apos;10.221.135.113&amp;apos;">
      <![CDATA[org.openqa.selenium.SessionNotCreatedException: Could not start a new session. Unable to parse remote response: Unable to find resource, invalid path in url. 
Host info: host: 'LAPTOP-G86AH33L', ip: '10.221.135.113'
at org.openqa.selenium.remote.ProtocolHandshake.createSession(ProtocolHandshake.java:100)
at org.openqa.selenium.remote.ProtocolHandshake.createSession(ProtocolHandshake.java:75)
at org.openqa.selenium.remote.ProtocolHandshake.createSession(ProtocolHandshake.java:61)
at org.openqa.selenium.remote.HttpCommandExecutor.execute(HttpCommandExecutor.java:195)
at org.openqa.selenium.remote.TracedCommandExecutor.execute(TracedCommandExecutor.java:53)
at org.openqa.selenium.remote.RemoteWebDriver.execute(RemoteWebDriver.java:604)
at org.openqa.selenium.remote.RemoteWebDriver.startSession(RemoteWebDriver.java:288)
at org.openqa.selenium.remote.RemoteWebDriver.<init>(RemoteWebDriver.java:211)
at org.openqa.selenium.remote.RemoteWebDriver.<init>(RemoteWebDriver.java:171)
at org.openqa.selenium.remote.RemoteWebDriver.<init>(RemoteWebDriver.java:167)
at Docker.Docker_with_Test4.Docker_with_firefox(Docker_with_Test4.java:33)
at java.base/java.util.concurrent.ThreadPoolExecutor.runWorker(ThreadPoolExecutor.java:1144)
at java.base/java.util.concurrent.ThreadPoolExecutor$Worker.run(ThreadPoolExecutor.java:642)
at java.base/java.lang.Thread.run(Thread.java:1583)
Caused by: org.openqa.selenium.json.JsonException: Unable to parse: Unable to find resource, invalid path in url.
at org.openqa.selenium.json.Json.toType(Json.java:170)
at org.openqa.selenium.json.Json.toType(Json.java:153)
at org.openqa.selenium.remote.ProtocolHandshake.createSession(ProtocolHandshake.java:96)
... 23 more
Caused by: org.openqa.selenium.json.JsonException: Unable to determine type from: U. Last 1 characters read: U, next 44 characters to read: nable to find resource, invalid path in url.
Build info: version: '4.41.0', revision: '9fc754f'
System info: os.name: 'Windows 11', os.arch: 'amd64', os.version: '10.0', java.version: '21.0.9'
Driver info: driver.version: RemoteWebDriver
at org.openqa.selenium.json.JsonInput.peek(JsonInput.java:169)
at org.openqa.selenium.json.JsonTypeCoercer.coerce(JsonTypeCoercer.java:135)
at org.openqa.selenium.json.Json.toType(Json.java:205)
at org.openqa.selenium.json.Json.toType(Json.java:168)
... 25 more
... Removed 10 stack frames]]>
    </failure>
  </testcase> <!-- Docker_with_firefox -->
</testsuite> <!-- Test -->
