<?xml version="1.0" encoding="UTF-8"?>
<testng-results ignored="0" total="2" passed="2" failed="0" skipped="0">
  <reporter-output>
  </reporter-output>
  <suite started-at="2026-03-07T13:06:15 IST" name="Suite" finished-at="2026-03-07T13:06:56 IST" duration-ms="41632">
    <groups>
    </groups>
    <test started-at="2026-03-07T13:06:15 IST" name="Test" finished-at="2026-03-07T13:06:56 IST" duration-ms="41632">
      <class name="Docker.Docker_with_Test4">
        <test-method signature="Docker_with_firefox()[pri:0, instance:Docker.Docker_with_Test4@2133814f]" started-at="2026-03-07T13:06:30 IST" name="Docker_with_firefox" finished-at="2026-03-07T13:06:46 IST" duration-ms="16364" status="PASS">
          <reporter-output>
          </reporter-output>
        </test-method> <!-- Docker_with_firefox -->
      </class> <!-- Docker.Docker_with_Test4 -->
      <class name="Docker.Chrome_Test1">
        <test-method signature="Docker_with_Chrome()[pri:0, instance:Docker.Chrome_Test1@70be0a2b]" started-at="2026-03-07T13:06:30 IST" name="Docker_with_Chrome" finished-at="2026-03-07T13:06:46 IST" duration-ms="15910" status="PASS">
          <reporter-output>
          </reporter-output>
        </test-method> <!-- Docker_with_Chrome -->
      </class> <!-- Docker.Chrome_Test1 -->
      <class name="Docker.Setup_dockergrid">
        <test-method is-config="true" signature="StartDocker_grid()[pri:0, instance:Docker.Setup_dockergrid@290d210d]" started-at="2026-03-07T13:06:15 IST" name="StartDocker_grid" finished-at="2026-03-07T13:06:30 IST" duration-ms="15055" status="PASS">
          <reporter-output>
          </reporter-output>
        </test-method> <!-- StartDocker_grid -->
        <test-method is-config="true" signature="StopDocker_grid()[pri:0, instance:Docker.Setup_dockergrid@290d210d]" started-at="2026-03-07T13:06:46 IST" name="StopDocker_grid" finished-at="2026-03-07T13:06:56 IST" duration-ms="10051" status="PASS">
          <reporter-output>
          </reporter-output>
        </test-method> <!-- StopDocker_grid -->
      </class> <!-- Docker.Setup_dockergrid -->
    </test> <!-- Test -->
  </suite> <!-- Suite -->
</testng-results>
