<?xml version="1.0" encoding="UTF-8"?>
<testsuite xmlns:xsi="http://www.w3.org/2001/XMLSchema-instance" xsi:noNamespaceSchemaLocation="https://maven.apache.org/surefire/maven-surefire-plugin/xsd/surefire-test-report.xsd" version="3.0.2" name="TestSuite" time="42.728" tests="2" errors="0" skipped="0" failures="0" flakes="0">
  <properties>
[...]
</properties>
  <testcase name="Docker_with_Chrome" classname="Docker.Chrome_Test1" time="15.896">
    <system-out><![CDATA[title of the Page is:Facebook – log in or sign up
title of the Page is:OrangeHRM
]]></system-out>
    <system-err><![CDATA[Mar 07, 2026 1:06:30 PM org.openqa.selenium.remote.tracing.opentelemetry.OpenTelemetryTracer createTracer
INFO: Using OpenTelemetry for tracing
]]></system-err>
  </testcase>
  <testcase name="Docker_with_firefox" classname="Docker.Docker_with_Test4" time="16.345"/>
</testsuite>