<?xml version="1.0" encoding="UTF-8"?>
<!-- Generated by org.testng.reporters.JUnitReportReporter -->
<testsuite hostname="LAPTOP-G86AH33L" failures="0" tests="2" name="Docker.Setup_dockergrid" time="20.159" errors="0" timestamp="2026-03-06T20:33:11 IST" skipped="0">
  <testcase classname="Docker.Setup_dockergrid" name="StartDocker_grid" time="15.096"/>
  <system-out/>
  <testcase classname="Docker.Setup_dockergrid" name="StopDocker_grid" time="5.063"/>
  <system-out/>
</testsuite> <!-- Docker.Setup_dockergrid -->
